\BOOKMARK [0][-]{chapter.1}{1 Introduction}{}% 1
\BOOKMARK [1][-]{section.1.1}{1.1 Purpose}{chapter.1}% 2
\BOOKMARK [1][-]{section.1.2}{1.2 Scope}{chapter.1}% 3
\BOOKMARK [1][-]{section.1.3}{1.3 Definitions, acronyms, abbreviations}{chapter.1}% 4
\BOOKMARK [1][-]{section.1.4}{1.4 References}{chapter.1}% 5
\BOOKMARK [1][-]{section.1.5}{1.5 Overview}{chapter.1}% 6
\BOOKMARK [0][-]{chapter.2}{2 General Description}{}% 7
\BOOKMARK [1][-]{section.2.1}{2.1 System Overview}{chapter.2}% 8
\BOOKMARK [1][-]{section.2.2}{2.2 Function and Purpose}{chapter.2}% 9
\BOOKMARK [1][-]{section.2.3}{2.3 Constraints}{chapter.2}% 10
\BOOKMARK [0][-]{chapter.3}{3 Specific Requirements}{}% 11
\BOOKMARK [1][-]{section.3.1}{3.1 General}{chapter.3}% 12
\BOOKMARK [1][-]{section.3.2}{3.2 Functional requirements}{chapter.3}% 13
\BOOKMARK [2][-]{subsection.3.2.1}{3.2.1 Modes}{section.3.2}% 14
\BOOKMARK [2][-]{subsection.3.2.2}{3.2.2 Initialization}{section.3.2}% 15
\BOOKMARK [2][-]{subsection.3.2.3}{3.2.3 Commands}{section.3.2}% 16
\BOOKMARK [2][-]{subsection.3.2.4}{3.2.4 Telemetry}{section.3.2}% 17
\BOOKMARK [1][-]{section.3.3}{3.3 Performance requirements}{chapter.3}% 18
\BOOKMARK [1][-]{section.3.4}{3.4 Interface requirements}{chapter.3}% 19
\BOOKMARK [1][-]{section.3.5}{3.5 Operational requirements}{chapter.3}% 20
\BOOKMARK [1][-]{section.3.6}{3.6 Resource requirements}{chapter.3}% 21
\BOOKMARK [1][-]{section.3.7}{3.7 Verification requirements}{chapter.3}% 22
\BOOKMARK [1][-]{section.3.8}{3.8 Acceptance testing requirements}{chapter.3}% 23
\BOOKMARK [1][-]{section.3.9}{3.9 Documentation requirements}{chapter.3}% 24
\BOOKMARK [1][-]{section.3.10}{3.10 Security requirements}{chapter.3}% 25
\BOOKMARK [1][-]{section.3.11}{3.11 Portability requirements}{chapter.3}% 26
\BOOKMARK [1][-]{section.3.12}{3.12 Quality requirements}{chapter.3}% 27
\BOOKMARK [1][-]{section.3.13}{3.13 Reliability requirements}{chapter.3}% 28
\BOOKMARK [1][-]{section.3.14}{3.14 Maintainability requirements}{chapter.3}% 29
\BOOKMARK [1][-]{section.3.15}{3.15 Safety requirements}{chapter.3}% 30
\BOOKMARK [1][-]{section.3.16}{3.16 SW Design and Programming Requirements}{chapter.3}% 31
